2026/02/07 11:41:59 Daemon starting (PID 85351)
2026/02/07 11:41:59 Daemon running, recovery heartbeat interval 3m0s
2026/02/07 11:41:59 Feed curator started
2026/02/07 11:41:59 Convoy watcher started
2026/02/07 11:41:59 Heartbeat starting (recovery-focused)
2026/02/07 11:41:59 Boot already running, skipping spawn
2026/02/07 11:41:59 Warning: no wisp config for wheeltracker - parked state may have been lost
2026/02/07 11:42:00 Witness for wheeltracker already running, skipping spawn
2026/02/07 11:42:00 Warning: no wisp config for wheeltracker - parked state may have been lost
2026/02/07 11:42:00 Refinery for wheeltracker already running, skipping spawn
2026/02/07 11:42:00 convoy watcher: bd activity error: exit status 1, restarting in 5s
2026/02/07 11:42:00 Error checking pending spawns: listing messages: all mailbox queries failed: Error: no beads database found
Hint: run 'bd init' to create a database in the current directory
      or use 'bd --no-db' to work with JSONL only (no SQLite)
      or set BEADS_DIR to point to your .beads directory
2026/02/07 11:42:00 Warning: failed to fetch deacon inbox: exit status 1
2026/02/07 11:42:00 Warning: bd list failed for GUPP check: exit status 1
2026/02/07 11:42:00 Warning: bd list failed for orphaned work check: exit status 1
2026/02/07 11:42:01 Heartbeat complete (#1)
2026/02/07 11:44:59 Heartbeat starting (recovery-focused)
2026/02/07 11:44:59 Boot already running, skipping spawn
2026/02/07 11:44:59 Warning: no wisp config for wheeltracker - parked state may have been lost
2026/02/07 11:45:00 Witness for wheeltracker already running, skipping spawn
2026/02/07 11:45:00 Warning: no wisp config for wheeltracker - parked state may have been lost
2026/02/07 11:45:00 Refinery for wheeltracker already running, skipping spawn
2026/02/07 11:45:17 convoy watcher: bd activity error: signal: killed, restarting in 5s
2026/02/07 11:45:21 Heartbeat complete (#2)
2026/02/07 11:45:27 convoy watcher: bd activity error: exit status 1, restarting in 5s
2026/02/07 11:45:37 convoy watcher: bd activity error: exit status 1, restarting in 5s
